[2026-02-06 18:17:01] ============================================================
[2026-02-06 18:17:01] 编码扫描工具启动
[2026-02-06 18:17:01] ============================================================
[2026-02-06 18:17:01] 目标目录: /usr/local/games/xiand
[2026-02-06 18:17:01] 日志文件: /usr/local/games/xiand/encoding_scan.log
[2026-02-06 18:17:01] 正在扫描文件...
[2026-02-06 18:18:25] 共找到 2286 个文件
[2026-02-06 18:18:25]   .h: 8 个
[2026-02-06 18:18:25]   .js: 7 个
[2026-02-06 18:18:25]   .jsp: 12 个
[2026-02-06 18:18:25]   .o: 1520 个
[2026-02-06 18:18:25]   .pike: 729 个
[2026-02-06 18:18:25]   .py: 3 个
[2026-02-06 18:18:25]   .sh: 6 个
[2026-02-06 18:18:25]   .xml: 1 个
[2026-02-06 18:18:25] 开始并行扫描...
[2026-02-06 18:18:25] 使用 16 个并行进程
[2026-02-06 18:18:25] 进度: 1000/2286 | 速度: 2287 文件/秒 | 非UTF8: 0
[2026-02-06 18:18:25] 进度: 2000/2286 | 速度: 4535 文件/秒 | 非UTF8: 0
[2026-02-06 18:18:26] 
============================================================
[2026-02-06 18:18:26] 扫描完成
[2026-02-06 18:18:26] ============================================================
[2026-02-06 18:18:26] 总文件数: 2286
[2026-02-06 18:18:26] UTF-8: 2285
[2026-02-06 18:18:26] 空文件: 1
[2026-02-06 18:18:26] 非UTF-8: 0
[2026-02-06 18:18:26] 错误: 0
[2026-02-06 18:18:26] 耗时: 0.5 秒
[2026-02-06 18:18:26] 
============================================================
