========================================
正在构建 Vue 前端...
========================================
[34m构建版本: v1770576869434[0m
[34m开始构建...[0m
[33m
1. HTML:[0m
[32m✓ index.html[0m
[33m
2. CSS:[0m
[32m✓ app.css[0m
[33m
3. JS:[0m
[32m✓ app.js[0m
[33m
4. Favicon:[0m
[32m✓ favicon.ico[0m
[33m
5. Manifest:[0m
[32m✓ manifest.json[0m
[32m
✓ 构建完成![0m
[34m输出目录: /home/games/xiand/web/web_vue[0m
✓ Vue 前端构建成功！

[0;34m╔════════════════════════════════════════╗[0m
[0;34m║   xiand Docker 镜像构建脚本          ║[0m
[0;34m╚════════════════════════════════════════╝[0m

用法：
  ./rebuild-image.sh [选项]

功能：
  - 构建 MUD Docker 镜像
  - 自动推送镜像到 Docker Hub（支持公开和私有仓库）

环境变量：
  DOCKER_USER=用户名          指定 Docker Hub 用户名
  DOCKER_TOKEN=token          指定 Personal Access Token
  IS_PRIVATE_REPO=false       推送到公开仓库（默认为私有）
  SKIP_PUSH=1                 跳过 Docker Hub 推送，仅构建本地镜像

使用示例：
  # 私有仓库（默认）
  ./rebuild-image.sh

  # 公开仓库
  IS_PRIVATE_REPO=false ./rebuild-image.sh

  # 仅构建，不推送
  SKIP_PUSH=1 ./rebuild-image.sh

注意：
  - 镜像构建完全不依赖 GAME_AREA
  - GAME_AREA 在运行时通过环境变量指定
  - 构建一次，可用于任意游戏区号

[0;34m[INFO][0m 项目根目录：/usr/local/games/xiand

[0;34m[INFO][0m 重建 Docker 镜像...
[0;34m[INFO][0m 构建统一镜像 (MUD + Tomcat)...
#0 building with "default" instance using docker driver

#1 [internal] load build definition from Dockerfile.all
#1 transferring dockerfile: 7.64kB done
#1 DONE 0.0s

#2 [internal] load metadata for quay.io/centos/centos:stream10
#2 DONE 0.3s

#3 [internal] load .dockerignore
#3 transferring context: 636B done
#3 DONE 0.0s

#4 [pike-builder 1/8] FROM quay.io/centos/centos:stream10@sha256:896ac97467b5fd99fb2c60334e6b737d0ccfcd9f795b74c3d35382b083a3fd2d
#4 DONE 0.0s

#5 [internal] load build context
#5 transferring context: 1.42MB 0.4s done
#5 DONE 0.4s

#6 [pike-builder 7/8] RUN export CFLAGS="-O2" &&     export CXXFLAGS="-O2" &&     rm -rf src/post_modules/GI src/post_modules/FFI &&     mkdir -p /tmp/build/pike9/build &&     cd /tmp/build/pike9/build &&     /tmp/build/pike9/src/configure --prefix=/usr/local/pike9       --with-mysql       --with-gmp       --with-nettle       --with-sqlite       --without-java       --without-gtk2       --without-gl       --without-glut       --disable-rpath &&     make -j4 2>&1 &&     make install 2>&1
#6 CACHED

#7 [pike-builder 4/8] RUN cd /tmp/build &&     curl -sL https://pike.lysator.liu.se/pub/pike/beta/9.0.11/Pike-v9.0.11.tar.gz | tar xz &&     mv Pike-v9.0.11 pike9
#7 CACHED

#8 [stage-1  4/16] RUN dnf install -y     java-21-openjdk     java-21-openjdk-devel     mariadb-connector-c     mariadb-connector-odbc     mariadb     gmp     gdbm-libs     sqlite-libs     zlib     socat     tzdata &&     ldconfig &&     dnf clean all
#8 CACHED

#9 [pike-builder 3/8] RUN dnf install -y dnf-plugins-core &&     dnf config-manager --set-enabled crb &&     dnf install -y     gcc gcc-c++ make autoconf bison flex     gmp-devel nettle-devel     mariadb-devel mariadb-connector-c-devel     libpng-devel libjpeg-devel     sqlite-devel     zlib-devel     git &&     dnf clean all
#9 CACHED

#10 [pike-builder 8/8] RUN /usr/local/pike9/bin/pike -e 'int main() {     object sql = master()->resolv("Sql")["Sql"];     if(sql && sql->_mysql) {         write("✓ MySQL module compiled successfully\n");         return 0;     } else {         write("✗ MySQL module not found\n");         return 1;     } }'
#10 CACHED

#11 [stage-1  7/16] RUN echo "Asia/Shanghai" > /etc/timezone &&     ln -sf /usr/share/zoneinfo/Asia/Shanghai /etc/localtime
#11 CACHED

#12 [pike-builder 6/8] RUN cd /tmp/build &&     curl -sL https://ftp.gnu.org/gnu/nettle/nettle-3.10.1.tar.gz | tar xz &&     cd nettle-3.10.1 &&     ./configure --prefix=/usr --libdir=/usr/lib64 --enable-shared &&     make -j4 &&     make install &&     ldconfig
#12 CACHED

#13 [stage-1  6/16] RUN cd /tmp &&     curl -sL https://archive.apache.org/dist/tomcat/tomcat-11/v11.0.2/bin/apache-tomcat-11.0.2.tar.gz | tar xz &&     mv apache-tomcat-11.0.2 /usr/local/tomcat &&     rm -rf /tmp/apache-tomcat-* &&     chmod +x /usr/local/tomcat/bin/*.sh
#13 CACHED

#14 [pike-builder 5/8] WORKDIR /tmp/build/pike9
#14 CACHED

#15 [stage-1  9/16] RUN mkdir -p /app/xiand /var/lib/mysql &&     chmod 755 /app &&     chmod 755 /app/xiand &&     chmod 777 /var/lib/mysql &&     chown -R muduser:muduser /app /var/lib/mysql 2>/dev/null || true
#15 CACHED

#16 [stage-1  5/16] COPY --from=pike-builder /usr/local/pike9 /usr/local/pike9
#16 CACHED

#17 [stage-1  2/16] COPY --from=pike-builder /usr/lib64/libnettle.so.8* /usr/lib64/
#17 CACHED

#18 [stage-1  3/16] COPY --from=pike-builder /usr/lib64/libhogweed.so.6* /usr/lib64/
#18 CACHED

#19 [pike-builder 2/8] WORKDIR /tmp/build
#19 CACHED

#20 [stage-1  8/16] RUN useradd -m -u 2000 -s /bin/bash muduser 2>/dev/null || true
#20 CACHED

#21 [stage-1 10/16] RUN mkdir -p /app/xiand/data_xiand /app/xiand/gamelib/clone/item &&     chmod 777 /app/xiand/data_xiand /app/xiand/gamelib/clone/item
#21 CACHED

#22 [stage-1 11/16] COPY . /app/xiand/
#22 DONE 1.7s

#23 [stage-1 12/16] COPY web /usr/local/tomcat/webapps/ROOT
#23 DONE 0.6s

#24 [stage-1 13/16] RUN chmod -R 755 /usr/local/tomcat/webapps/ROOT &&     chmod +x /app/xiand/docker/docker-startup.sh 2>/dev/null || true &&     chmod 777 /app/xiand
#24 DONE 5.6s

#25 [stage-1 14/16] WORKDIR /app/xiand
#25 DONE 0.1s

#26 [stage-1 15/16] RUN cat > /app/start-unified.sh << 'EOF'
#26 DONE 0.2s

#27 [stage-1 16/16] RUN chmod +x /app/start-unified.sh
#27 DONE 0.3s

#28 exporting to image
#28 exporting layers
#28 exporting layers 1.6s done
#28 writing image sha256:1a04e472788b3b68c4f16108f65298f4c13b97dbaafcbda673c726557c7458c2 done
#28 naming to docker.io/library/xiand-all:latest done
#28 DONE 1.6s
[0;32m[SUCCESS][0m 统一 Docker 镜像已成功构建
[0;31m[ERROR][0m 错误：未设置 DOCKER_TOKEN 环境变量
[0;34m[INFO][0m 请设置 DOCKER_TOKEN 环境变量或在脚本中配置
[0;34m[INFO][0m 或使用 SKIP_PUSH=1 ./rebuild-image.sh 跳过推送
[1;33m[WARNING][0m 镜像推送失败，但本地镜像已成功构建，可继续使用

[0;32m╔════════════════════════════════════════╗[0m
[0;32m║   镜像构建完成！                     ║[0m
[0;32m╚════════════════════════════════════════╝[0m

✅ 镜像已准备就绪，可用于任意游戏区号

后续启动容器步骤：
  使用 restart-docker.sh 脚本启动容器：

  格式: ./restart-docker.sh <游戏区> <端口> [镜像版本]

  示例 1: 启动单区 xd01，使用端口 9001（最新镜像）
    ./restart-docker.sh xd01 9001

  示例 2: 启动合服 xd01-05，使用端口 9005（指定日期版本）
    ./restart-docker.sh xd01-05 9005 2025-12-22

今天构建的镜像版本: 2026-02-08

