[0;34m╔════════════════════════════════════════╗[0m
[0;34m║   xiand Docker 启动脚本             ║[0m
[0;34m╚════════════════════════════════════════╝[0m

用法：
  ./restart-docker.sh [GAME_AREA] [TOMCAT_HTTP_PORT] [HTTP_API_PORT] [DOCKER_IMAGE_TAG]

示例：
  ./restart-docker.sh                                  # 使用默认值 xd01、端口 9001、API 8888、最新镜像
  ./restart-docker.sh xd01                             # 指定区号 xd01，其他使用默认值
  ./restart-docker.sh xd01 9001                        # 指定区号 xd01、端口 9001、API 8888
  ./restart-docker.sh xd01 9001 8888                   # 指定区号 xd01、端口 9001、API 8888
  ./restart-docker.sh xd02 9002 8889                   # 指定区号 xd02、端口 9002、API 8889
  ./restart-docker.sh xd02 9002 8889 2025-12-20        # 指定镜像版本 2025-12-20

环境变量：
  GAME_AREAS='xd01,xd02,xd03,xd04,xd05'  # Vue 前端分区列表

镜像标签说明：
  latest                          # lijingmt/xiand-all:latest（默认）
  2025-12-20                      # lijingmt/xiand-all-2025-12-20（历史版本）

[0;34m[INFO][0m [0/6] 打包 vue_source 前端...
[34m构建版本: v1770577066291[0m
[34m开始构建...[0m
[33m
1. HTML:[0m
[32m✓ index.html[0m
[33m
2. CSS:[0m
[32m✓ app.css[0m
[33m
3. JS:[0m
[32m✓ app.js[0m
[33m
4. Favicon:[0m
[32m✓ favicon.ico[0m
[33m
5. Manifest:[0m
[32m✓ manifest.json[0m
[32m
✓ 构建完成![0m
[34m输出目录: /home/games/xiand/web/web_vue[0m
[0;32m[SUCCESS][0m vue_source 打包成功！

[0;34m[INFO][0m 使用配置：
  项目根目录：/usr/local/games/xiand
  游戏区号：xd01-02
  分区列表：xd01,xd02,xd03,xd04,xd05
  Tomcat HTTP 端口：1002
  HTTP API 端口：8002
  Docker 镜像标签：latest

[0;34m[INFO][0m [1/5] 初始化游戏数据库...
[0;32m[SUCCESS][0m 数据库 'xd01-02' 已创建
[0;34m[INFO][0m 数据库 'xd01-02' 为空，正在导入 xd.sql...
[0;32m[SUCCESS][0m 数据库 'xd01-02' 导入成功
[0;34m[INFO][0m [2/5] 准备游戏数据目录...
[0;32m[SUCCESS][0m 游戏数据目录已准备就绪
[0;34m[INFO][0m 准备数据目录...
[0;32m[SUCCESS][0m 已创建合服目录: /usr/local/games/allxd/xd01-02/
[0;32m[SUCCESS][0m 数据目录权限已修改
[0;34m[INFO][0m [3/5] 拉取 Docker 镜像...
[0;34m[INFO][0m 拉取 Docker 镜像...

[0;34m[INFO][0m 拉取统一镜像 (lijingmt/xiand-all:latest)...
latest: Pulling from lijingmt/xiand-all
Digest: sha256:3505b57938b5cb12ed0e445c5efc09902144b4969b147cfaeb82a7895b1114ce
Status: Image is up to date for lijingmt/xiand-all:latest
docker.io/lijingmt/xiand-all:latest
[0;32m[SUCCESS][0m 统一镜像拉取成功

[0;34m[INFO][0m 已有的 Docker 镜像：
WARNING: This output is designed for human readability. For machine-readable output, please use --format.
lijingmt/xiand-all:2026-02-08    6c99be394266       1.32GB             0B        
lijingmt/xiand-all:latest        6c99be394266       1.32GB             0B        
xiand-all:latest                 6c99be394266       1.32GB             0B        

[0;34m[INFO][0m [3.5/5] 配置防火墙端口...
[0;34m[INFO][0m 打开防火墙端口: 8002
[0;32m[SUCCESS][0m 端口 8002 已成功打开
[0;34m[INFO][0m 打开防火墙端口: 1002
[0;32m[SUCCESS][0m 端口 1002 已成功打开
[0;34m[INFO][0m [4/5] 清理旧容器...
[0;34m[INFO][0m [5/6] 启动统一容器 (Pike MUD + Tomcat)...
